[     9.524] (--) Log file renamed from "/home/student/.local/share/xorg/Xorg.pid-1317.log" to "/home/student/.local/share/xorg/Xorg.0.log"
[     9.527] 
X.Org X Server 1.20.4
X Protocol Version 11, Revision 0
[     9.527] Build Operating System: Linux 4.4.0-148-generic x86_64 Ubuntu
[     9.527] Current Operating System: Linux syscom 5.0.0-27-generic #28~18.04.1-Ubuntu SMP Thu Aug 22 03:00:32 UTC 2019 x86_64
[     9.527] Kernel command line: BOOT_IMAGE=/boot/vmlinuz-5.0.0-27-generic root=UUID=cd9093fd-9947-444f-acf0-f1fe0dfb6733 ro quiet splash
[     9.527] Build Date: 02 May 2019  08:06:54AM
[     9.527] xorg-server-hwe-18.04 2:1.20.4-1ubuntu3~18.04.1 (For technical support please see http://www.ubuntu.com/support) 
[     9.527] Current version of pixman: 0.34.0
[     9.527] 	Before reporting problems, check http://wiki.x.org
	to make sure that you have the latest version.
[     9.527] Markers: (--) probed, (**) from config file, (==) default setting,
	(++) from command line, (!!) notice, (II) informational,
	(WW) warning, (EE) error, (NI) not implemented, (??) unknown.
[     9.527] (==) Log file: "/home/student/.local/share/xorg/Xorg.0.log", Time: Thu Sep 19 08:52:03 2019
[     9.529] (==) Using system config directory "/usr/share/X11/xorg.conf.d"
[     9.533] (==) No Layout section.  Using the first Screen section.
[     9.533] (==) No screen section available. Using defaults.
[     9.533] (**) |-->Screen "Default Screen Section" (0)
[     9.533] (**) |   |-->Monitor "<default monitor>"
[     9.535] (==) No monitor specified for screen "Default Screen Section".
	Using a default monitor configuration.
[     9.535] (==) Automatically adding devices
[     9.535] (==) Automatically enabling devices
[     9.535] (==) Automatically adding GPU devices
[     9.535] (==) Automatically binding GPU devices
[     9.535] (==) Max clients allowed: 256, resource mask: 0x1fffff
[     9.537] (WW) The directory "/usr/share/fonts/X11/cyrillic" does not exist.
[     9.537] 	Entry deleted from font path.
[     9.537] (WW) The directory "/usr/share/fonts/X11/100dpi/" does not exist.
[     9.537] 	Entry deleted from font path.
[     9.537] (WW) The directory "/usr/share/fonts/X11/75dpi/" does not exist.
[     9.537] 	Entry deleted from font path.
[     9.538] (WW) The directory "/usr/share/fonts/X11/100dpi" does not exist.
[     9.538] 	Entry deleted from font path.
[     9.538] (WW) The directory "/usr/share/fonts/X11/75dpi" does not exist.
[     9.538] 	Entry deleted from font path.
[     9.538] (==) FontPath set to:
	/usr/share/fonts/X11/misc,
	/usr/share/fonts/X11/Type1,
	built-ins
[     9.538] (==) ModulePath set to "/usr/lib/xorg/modules"
[     9.538] (II) The server relies on udev to provide the list of input devices.
	If no devices become available, reconfigure udev or disable AutoAddDevices.
[     9.538] (II) Loader magic: 0x55bb66114020
[     9.538] (II) Module ABI versions:
[     9.538] 	X.Org ANSI C Emulation: 0.4
[     9.538] 	X.Org Video Driver: 24.0
[     9.538] 	X.Org XInput driver : 24.1
[     9.538] 	X.Org Server Extension : 10.0
[     9.539] (++) using VT number 1

[     9.541] (II) systemd-logind: took control of session /org/freedesktop/login1/session/_31
[     9.541] (II) xfree86: Adding drm device (/dev/dri/card0)
[     9.542] (II) systemd-logind: got fd for /dev/dri/card0 226:0 fd 12 paused 0
[     9.544] (--) PCI:*(0@0:2:0) 15ad:0405:15ad:0405 rev 0, Mem @ 0xf0000000/33554432, 0xf2000000/2097152, I/O @ 0x0000d010/16, BIOS @ 0x????????/131072
[     9.544] (II) LoadModule: "glx"
[     9.545] (II) Loading /usr/lib/xorg/modules/extensions/libglx.so
[     9.558] (II) Module glx: vendor="X.Org Foundation"
[     9.558] 	compiled for 1.20.4, module version = 1.0.0
[     9.558] 	ABI class: X.Org Server Extension, version 10.0
[     9.559] (==) Matched vmware as autoconfigured driver 0
[     9.559] (==) Matched modesetting as autoconfigured driver 1
[     9.559] (==) Matched fbdev as autoconfigured driver 2
[     9.559] (==) Matched vesa as autoconfigured driver 3
[     9.559] (==) Assigned the driver to the xf86ConfigLayout
[     9.559] (II) LoadModule: "vmware"
[     9.559] (II) Loading /usr/lib/xorg/modules/drivers/vmware_drv.so
[     9.734] (II) Module vmware: vendor="X.Org Foundation"
[     9.734] 	compiled for 1.20.1, module version = 13.3.0
[     9.734] 	Module class: X.Org Video Driver
[     9.734] 	ABI class: X.Org Video Driver, version 24.0
[     9.734] (II) LoadModule: "modesetting"
[     9.734] (II) Loading /usr/lib/xorg/modules/drivers/modesetting_drv.so
[     9.738] (II) Module modesetting: vendor="X.Org Foundation"
[     9.738] 	compiled for 1.20.4, module version = 1.20.4
[     9.738] 	Module class: X.Org Video Driver
[     9.738] 	ABI class: X.Org Video Driver, version 24.0
[     9.738] (II) LoadModule: "fbdev"
[     9.738] (II) Loading /usr/lib/xorg/modules/drivers/fbdev_drv.so
[     9.740] (II) Module fbdev: vendor="X.Org Foundation"
[     9.740] 	compiled for 1.20.1, module version = 0.5.0
[     9.740] 	Module class: X.Org Video Driver
[     9.740] 	ABI class: X.Org Video Driver, version 24.0
[     9.740] (II) LoadModule: "vesa"
[     9.740] (II) Loading /usr/lib/xorg/modules/drivers/vesa_drv.so
[     9.742] (II) Module vesa: vendor="X.Org Foundation"
[     9.742] 	compiled for 1.20.1, module version = 2.4.0
[     9.742] 	Module class: X.Org Video Driver
[     9.742] 	ABI class: X.Org Video Driver, version 24.0
[     9.742] (II) vmware: driver for VMware SVGA: vmware0405, vmware0710
[     9.742] (II) modesetting: Driver for Modesetting Kernel Drivers: kms
[     9.742] (II) FBDEV: driver for framebuffer: fbdev
[     9.742] (II) VESA: driver for VESA chipsets: vesa
[     9.742] xf86EnableIOPorts: failed to set IOPL for I/O (Operation not permitted)
[     9.742] (WW) Falling back to old probe method for modesetting
[     9.742] (WW) Falling back to old probe method for fbdev
[     9.742] (II) Loading sub module "fbdevhw"
[     9.742] (II) LoadModule: "fbdevhw"
[     9.742] (II) Loading /usr/lib/xorg/modules/libfbdevhw.so
[     9.744] (II) Module fbdevhw: vendor="X.Org Foundation"
[     9.744] 	compiled for 1.20.4, module version = 0.0.2
[     9.744] 	ABI class: X.Org Video Driver, version 24.0
[     9.744] (EE) open /dev/fb0: Permission denied
[     9.744] (WW) VGA arbiter: cannot open kernel arbiter, no multi-card support
[     9.744] (II) vmware(0): Creating default Display subsection in Screen section
	"Default Screen Section" for depth/fbbpp 24/32
[     9.744] (--) vmware(0): DRM driver version is 2.15.0
[     9.744] (==) vmware(0): Depth 24, (--) framebuffer bpp 32
[     9.744] (==) vmware(0): RGB weight 888
[     9.744] (==) vmware(0): Default visual is TrueColor
[     9.744] (--) vmware(0): Min width 1, Max Width 8192.
[     9.744] (--) vmware(0): Min height 1, Max Height 8192.
[     9.744] (II) vmware(0): Output Virtual1 has no monitor section
[     9.744] (II) vmware(0): Output Virtual2 has no monitor section
[     9.744] (II) vmware(0): Output Virtual3 has no monitor section
[     9.744] (II) vmware(0): Output Virtual4 has no monitor section
[     9.744] (II) vmware(0): Output Virtual5 has no monitor section
[     9.745] (II) vmware(0): Output Virtual6 has no monitor section
[     9.745] (II) vmware(0): Output Virtual7 has no monitor section
[     9.745] (II) vmware(0): Output Virtual8 has no monitor section
[     9.745] (II) vmware(0): Printing probed modes for output Virtual1
[     9.745] (II) vmware(0): Modeline "1920x975"x60.0  139.72  1920 1970 2020 2070  975 1025 1075 1125 -hsync +vsync (67.5 kHz eP)
[     9.745] (II) vmware(0): Modeline "2560x1600"x60.0  348.50  2560 2752 3032 3504  1600 1603 1609 1658 -hsync +vsync (99.5 kHz e)
[     9.745] (II) vmware(0): Modeline "1920x1440"x60.0  234.00  1920 2048 2256 2600  1440 1441 1444 1500 -hsync +vsync (90.0 kHz e)
[     9.745] (II) vmware(0): Modeline "1856x1392"x60.0  218.25  1856 1952 2176 2528  1392 1393 1396 1439 -hsync +vsync (86.3 kHz e)
[     9.745] (II) vmware(0): Modeline "1792x1344"x60.0  204.75  1792 1920 2120 2448  1344 1345 1348 1394 -hsync +vsync (83.6 kHz e)
[     9.745] (II) vmware(0): Modeline "1920x1200"x59.9  193.25  1920 2056 2256 2592  1200 1203 1209 1245 -hsync +vsync (74.6 kHz e)
[     9.745] (II) vmware(0): Modeline "1600x1200"x60.0  162.00  1600 1664 1856 2160  1200 1201 1204 1250 +hsync +vsync (75.0 kHz e)
[     9.745] (II) vmware(0): Modeline "1680x1050"x60.0  146.25  1680 1784 1960 2240  1050 1053 1059 1089 -hsync +vsync (65.3 kHz e)
[     9.745] (II) vmware(0): Modeline "1400x1050"x60.0  121.75  1400 1488 1632 1864  1050 1053 1057 1089 -hsync +vsync (65.3 kHz e)
[     9.745] (II) vmware(0): Modeline "1280x1024"x60.0  108.00  1280 1328 1440 1688  1024 1025 1028 1066 +hsync +vsync (64.0 kHz e)
[     9.745] (II) vmware(0): Modeline "1440x900"x59.9  106.50  1440 1520 1672 1904  900 903 909 934 -hsync +vsync (55.9 kHz e)
[     9.745] (II) vmware(0): Modeline "1280x960"x60.0  108.00  1280 1376 1488 1800  960 961 964 1000 +hsync +vsync (60.0 kHz e)
[     9.745] (II) vmware(0): Modeline "1360x768"x60.0   85.50  1360 1424 1536 1792  768 771 777 795 +hsync +vsync (47.7 kHz e)
[     9.745] (II) vmware(0): Modeline "1280x800"x59.8   83.50  1280 1352 1480 1680  800 803 809 831 +hsync -vsync (49.7 kHz e)
[     9.745] (II) vmware(0): Modeline "1152x864"x75.0  108.00  1152 1216 1344 1600  864 865 868 900 +hsync +vsync (67.5 kHz e)
[     9.745] (II) vmware(0): Modeline "1280x768"x59.9   79.50  1280 1344 1472 1664  768 771 778 798 -hsync +vsync (47.8 kHz e)
[     9.745] (II) vmware(0): Modeline "1024x768"x60.0   65.00  1024 1048 1184 1344  768 771 777 806 -hsync -vsync (48.4 kHz e)
[     9.745] (II) vmware(0): Modeline "800x600"x60.3   40.00  800 840 968 1056  600 601 605 628 +hsync +vsync (37.9 kHz e)
[     9.745] (II) vmware(0): Modeline "640x480"x59.9   25.18  640 656 752 800  480 489 492 525 -hsync -vsync (31.5 kHz e)
[     9.745] (II) vmware(0): EDID for output Virtual2
[     9.745] (II) vmware(0): EDID for output Virtual3
[     9.745] (II) vmware(0): EDID for output Virtual4
[     9.745] (II) vmware(0): EDID for output Virtual5
[     9.745] (II) vmware(0): EDID for output Virtual6
[     9.745] (II) vmware(0): EDID for output Virtual7
[     9.745] (II) vmware(0): EDID for output Virtual8
[     9.745] (II) vmware(0): Output Virtual1 connected
[     9.745] (II) vmware(0): Output Virtual2 disconnected
[     9.746] (II) vmware(0): Output Virtual3 disconnected
[     9.746] (II) vmware(0): Output Virtual4 disconnected
[     9.746] (II) vmware(0): Output Virtual5 disconnected
[     9.746] (II) vmware(0): Output Virtual6 disconnected
[     9.746] (II) vmware(0): Output Virtual7 disconnected
[     9.746] (II) vmware(0): Output Virtual8 disconnected
[     9.746] (II) vmware(0): Using exact sizes for initial modes
[     9.746] (II) vmware(0): Output Virtual1 using initial mode 1920x975 +0+0
[     9.746] (==) vmware(0): DPI set to (96, 96)
[     9.746] (==) vmware(0): Using gamma correction (1.0, 1.0, 1.0)
[     9.746] (II) Loading sub module "fb"
[     9.746] (II) LoadModule: "fb"
[     9.746] (II) Loading /usr/lib/xorg/modules/libfb.so
[     9.748] (II) Module fb: vendor="X.Org Foundation"
[     9.748] 	compiled for 1.20.4, module version = 1.0.0
[     9.748] 	ABI class: X.Org ANSI C Emulation, version 0.4
[     9.748] (II) Loading sub module "dri2"
[     9.748] (II) LoadModule: "dri2"
[     9.748] (II) Module "dri2" already built-in
[     9.748] (II) Loading sub module "dri3"
[     9.748] (II) LoadModule: "dri3"
[     9.748] (II) Module "dri3" already built-in
[     9.749] (II) UnloadModule: "modesetting"
[     9.749] (II) Unloading modesetting
[     9.749] (II) UnloadModule: "fbdev"
[     9.749] (II) Unloading fbdev
[     9.749] (II) UnloadSubModule: "fbdevhw"
[     9.749] (II) Unloading fbdevhw
[     9.749] (II) UnloadModule: "vesa"
[     9.749] (II) Unloading vesa
[     9.752] (II) vmware(0): Initialized VMWARE_CTRL extension version 0.2
[     9.767] (WW) vmware(0): Failed to initialize Gallium3D Xa. No render acceleration available.
[     9.767] (WW) vmware(0): Skipped initialization of direct rendering due to lack of render acceleration.
[     9.767] (--) vmware(0): Render acceleration is disabled.
[     9.767] (==) vmware(0): Rendercheck mode is disabled.
[     9.767] (--) vmware(0): Direct rendering (DRI2 3D) is disabled.
[     9.767] (--) vmware(0): Direct rendering (DRI3 3D) is disabled.
[     9.767] (==) vmware(0): Backing store enabled
[     9.768] (==) vmware(0): Silken mouse enabled
[     9.771] (==) vmware(0): DPMS enabled
[     9.771] (II) vmware(0): No 3D acceleration. Not setting up textured video.
[     9.771] (WW) vmware(0): Disabling Xv because no adaptors could be initialized.
[     9.771] (II) Initializing extension Generic Event Extension
[     9.771] (II) Initializing extension SHAPE
[     9.772] (II) Initializing extension MIT-SHM
[     9.772] (II) Initializing extension XInputExtension
[     9.774] (II) Initializing extension XTEST
[     9.774] (II) Initializing extension BIG-REQUESTS
[     9.775] (II) Initializing extension SYNC
[     9.775] (II) Initializing extension XKEYBOARD
[     9.775] (II) Initializing extension XC-MISC
[     9.776] (II) Initializing extension SECURITY
[     9.776] (II) Initializing extension XFIXES
[     9.777] (II) Initializing extension RENDER
[     9.777] (II) Initializing extension RANDR
[     9.777] (II) Initializing extension COMPOSITE
[     9.778] (II) Initializing extension DAMAGE
[     9.778] (II) Initializing extension MIT-SCREEN-SAVER
[     9.778] (II) Initializing extension DOUBLE-BUFFER
[     9.779] (II) Initializing extension RECORD
[     9.779] (II) Initializing extension DPMS
[     9.779] (II) Initializing extension Present
[     9.780] (II) Initializing extension DRI3
[     9.780] (II) Initializing extension X-Resource
[     9.780] (II) Initializing extension XVideo
[     9.780] (II) Initializing extension XVideo-MotionCompensation
[     9.780] (II) Initializing extension SELinux
[     9.780] (II) SELinux: Disabled on system
[     9.780] (II) Initializing extension GLX
[     9.781] (II) AIGLX: Screen 0 is not DRI2 capable
[     9.853] (II) IGLX: Loaded and initialized swrast
[     9.853] (II) GLX: Initialized DRISWRAST GL provider for screen 0
[     9.853] (II) Initializing extension XFree86-VidModeExtension
[     9.853] (II) Initializing extension XFree86-DGA
[     9.853] (II) Initializing extension XFree86-DRI
[     9.854] (II) Initializing extension DRI2
[     9.862] (II) vmware(0): Setting screen physical size to 508 x 257
[     9.918] (II) config/udev: Adding input device Power Button (/dev/input/event0)
[     9.918] (**) Power Button: Applying InputClass "libinput keyboard catchall"
[     9.918] (II) LoadModule: "libinput"
[     9.918] (II) Loading /usr/lib/xorg/modules/input/libinput_drv.so
[     9.929] (II) Module libinput: vendor="X.Org Foundation"
[     9.929] 	compiled for 1.20.1, module version = 0.28.1
[     9.929] 	Module class: X.Org XInput Driver
[     9.929] 	ABI class: X.Org XInput driver, version 24.1
[     9.929] (II) Using input driver 'libinput' for 'Power Button'
[     9.930] (II) systemd-logind: got fd for /dev/input/event0 13:64 fd 20 paused 0
[     9.930] (**) Power Button: always reports core events
[     9.930] (**) Option "Device" "/dev/input/event0"
[     9.930] (**) Option "_source" "server/udev"
[     9.930] (II) event0  - Power Button: is tagged by udev as: Keyboard
[     9.930] (II) event0  - Power Button: device is a keyboard
[     9.930] (II) event0  - Power Button: device removed
[     9.930] (**) Option "config_info" "udev:/sys/devices/LNXSYSTM:00/LNXPWRBN:00/input/input0/event0"
[     9.930] (II) XINPUT: Adding extended input device "Power Button" (type: KEYBOARD, id 6)
[     9.930] (**) Option "xkb_model" "pc105"
[     9.930] (**) Option "xkb_layout" "fr"
[     9.948] (II) event0  - Power Button: is tagged by udev as: Keyboard
[     9.948] (II) event0  - Power Button: device is a keyboard
[     9.949] (II) config/udev: Adding input device Sleep Button (/dev/input/event1)
[     9.949] (**) Sleep Button: Applying InputClass "libinput keyboard catchall"
[     9.949] (II) Using input driver 'libinput' for 'Sleep Button'
[     9.949] (II) systemd-logind: got fd for /dev/input/event1 13:65 fd 23 paused 0
[     9.949] (**) Sleep Button: always reports core events
[     9.949] (**) Option "Device" "/dev/input/event1"
[     9.949] (**) Option "_source" "server/udev"
[     9.950] (II) event1  - Sleep Button: is tagged by udev as: Keyboard
[     9.950] (II) event1  - Sleep Button: device is a keyboard
[     9.950] (II) event1  - Sleep Button: device removed
[     9.950] (**) Option "config_info" "udev:/sys/devices/LNXSYSTM:00/LNXSLPBN:00/input/input1/event1"
[     9.950] (II) XINPUT: Adding extended input device "Sleep Button" (type: KEYBOARD, id 7)
[     9.950] (**) Option "xkb_model" "pc105"
[     9.950] (**) Option "xkb_layout" "fr"
[     9.950] (II) event1  - Sleep Button: is tagged by udev as: Keyboard
[     9.950] (II) event1  - Sleep Button: device is a keyboard
[     9.951] (II) config/udev: Adding input device Video Bus (/dev/input/event3)
[     9.951] (**) Video Bus: Applying InputClass "libinput keyboard catchall"
[     9.951] (II) Using input driver 'libinput' for 'Video Bus'
[     9.951] (II) systemd-logind: got fd for /dev/input/event3 13:67 fd 24 paused 0
[     9.951] (**) Video Bus: always reports core events
[     9.951] (**) Option "Device" "/dev/input/event3"
[     9.951] (**) Option "_source" "server/udev"
[     9.952] (II) event3  - Video Bus: is tagged by udev as: Keyboard
[     9.952] (II) event3  - Video Bus: device is a keyboard
[     9.952] (II) event3  - Video Bus: device removed
[     9.952] (**) Option "config_info" "udev:/sys/devices/LNXSYSTM:00/LNXSYBUS:00/PNP0A03:00/LNXVIDEO:00/input/input4/event3"
[     9.952] (II) XINPUT: Adding extended input device "Video Bus" (type: KEYBOARD, id 8)
[     9.952] (**) Option "xkb_model" "pc105"
[     9.952] (**) Option "xkb_layout" "fr"
[     9.952] (II) event3  - Video Bus: is tagged by udev as: Keyboard
[     9.952] (II) event3  - Video Bus: device is a keyboard
[     9.953] (II) config/udev: Adding input device VirtualBox mouse integration (/dev/input/event6)
[     9.953] (**) VirtualBox mouse integration: Applying InputClass "libinput pointer catchall"
[     9.953] (II) Using input driver 'libinput' for 'VirtualBox mouse integration'
[     9.953] (II) systemd-logind: got fd for /dev/input/event6 13:70 fd 25 paused 0
[     9.953] (**) VirtualBox mouse integration: always reports core events
[     9.953] (**) Option "Device" "/dev/input/event6"
[     9.954] (**) Option "_source" "server/udev"
[     9.954] (II) event6  - VirtualBox mouse integration: is tagged by udev as: Mouse
[     9.954] (II) event6  - VirtualBox mouse integration: device is a pointer
[     9.954] (II) event6  - VirtualBox mouse integration: device removed
[     9.954] (**) Option "config_info" "udev:/sys/devices/pci0000:00/0000:00:04.0/input/input7/event6"
[     9.954] (II) XINPUT: Adding extended input device "VirtualBox mouse integration" (type: MOUSE, id 9)
[     9.954] (**) Option "AccelerationScheme" "none"
[     9.954] (**) VirtualBox mouse integration: (accel) selected scheme none/0
[     9.954] (**) VirtualBox mouse integration: (accel) acceleration factor: 2.000
[     9.954] (**) VirtualBox mouse integration: (accel) acceleration threshold: 4
[     9.955] (II) event6  - VirtualBox mouse integration: is tagged by udev as: Mouse
[     9.955] (II) event6  - VirtualBox mouse integration: device is a pointer
[     9.955] (II) config/udev: Adding input device VirtualBox mouse integration (/dev/input/js1)
[     9.955] (II) No input driver specified, ignoring this device.
[     9.955] (II) This device may have been added with another device file.
[     9.955] (II) config/udev: Adding input device VirtualBox USB Tablet (/dev/input/event5)
[     9.955] (**) VirtualBox USB Tablet: Applying InputClass "libinput pointer catchall"
[     9.955] (II) Using input driver 'libinput' for 'VirtualBox USB Tablet'
[    10.017] (II) systemd-logind: got fd for /dev/input/event5 13:69 fd 26 paused 0
[    10.017] (**) VirtualBox USB Tablet: always reports core events
[    10.017] (**) Option "Device" "/dev/input/event5"
[    10.017] (**) Option "_source" "server/udev"
[    10.017] (II) event5  - VirtualBox USB Tablet: is tagged by udev as: Mouse
[    10.017] (II) event5  - VirtualBox USB Tablet: device is a pointer
[    10.017] (II) event5  - VirtualBox USB Tablet: device removed
[    10.018] (**) Option "config_info" "udev:/sys/devices/pci0000:00/0000:00:06.0/usb1/1-1/1-1:1.0/0003:80EE:0021.0001/input/input6/event5"
[    10.018] (II) XINPUT: Adding extended input device "VirtualBox USB Tablet" (type: MOUSE, id 10)
[    10.018] (**) Option "AccelerationScheme" "none"
[    10.018] (**) VirtualBox USB Tablet: (accel) selected scheme none/0
[    10.018] (**) VirtualBox USB Tablet: (accel) acceleration factor: 2.000
[    10.018] (**) VirtualBox USB Tablet: (accel) acceleration threshold: 4
[    10.019] (II) event5  - VirtualBox USB Tablet: is tagged by udev as: Mouse
[    10.019] (II) event5  - VirtualBox USB Tablet: device is a pointer
[    10.020] (II) config/udev: Adding input device VirtualBox USB Tablet (/dev/input/js0)
[    10.020] (II) No input driver specified, ignoring this device.
[    10.020] (II) This device may have been added with another device file.
[    10.020] (II) config/udev: Adding input device VirtualBox USB Tablet (/dev/input/mouse1)
[    10.020] (II) No input driver specified, ignoring this device.
[    10.020] (II) This device may have been added with another device file.
[    10.021] (II) config/udev: Adding input device AT Translated Set 2 keyboard (/dev/input/event2)
[    10.021] (**) AT Translated Set 2 keyboard: Applying InputClass "libinput keyboard catchall"
[    10.021] (II) Using input driver 'libinput' for 'AT Translated Set 2 keyboard'
[    10.022] (II) systemd-logind: got fd for /dev/input/event2 13:66 fd 27 paused 0
[    10.023] (**) AT Translated Set 2 keyboard: always reports core events
[    10.023] (**) Option "Device" "/dev/input/event2"
[    10.023] (**) Option "_source" "server/udev"
[    10.023] (II) event2  - AT Translated Set 2 keyboard: is tagged by udev as: Keyboard
[    10.023] (II) event2  - AT Translated Set 2 keyboard: device is a keyboard
[    10.023] (II) event2  - AT Translated Set 2 keyboard: device removed
[    10.023] (**) Option "config_info" "udev:/sys/devices/platform/i8042/serio0/input/input2/event2"
[    10.023] (II) XINPUT: Adding extended input device "AT Translated Set 2 keyboard" (type: KEYBOARD, id 11)
[    10.023] (**) Option "xkb_model" "pc105"
[    10.023] (**) Option "xkb_layout" "fr"
[    10.024] (II) event2  - AT Translated Set 2 keyboard: is tagged by udev as: Keyboard
[    10.024] (II) event2  - AT Translated Set 2 keyboard: device is a keyboard
[    10.025] (II) config/udev: Adding input device ImExPS/2 Generic Explorer Mouse (/dev/input/event4)
[    10.025] (**) ImExPS/2 Generic Explorer Mouse: Applying InputClass "libinput pointer catchall"
[    10.025] (II) Using input driver 'libinput' for 'ImExPS/2 Generic Explorer Mouse'
[    10.030] (II) systemd-logind: got fd for /dev/input/event4 13:68 fd 28 paused 0
[    10.030] (**) ImExPS/2 Generic Explorer Mouse: always reports core events
[    10.030] (**) Option "Device" "/dev/input/event4"
[    10.030] (**) Option "_source" "server/udev"
[    10.031] (II) event4  - ImExPS/2 Generic Explorer Mouse: is tagged by udev as: Mouse
[    10.031] (II) event4  - ImExPS/2 Generic Explorer Mouse: device is a pointer
[    10.031] (II) event4  - ImExPS/2 Generic Explorer Mouse: device removed
[    10.031] (**) Option "config_info" "udev:/sys/devices/platform/i8042/serio1/input/input5/event4"
[    10.031] (II) XINPUT: Adding extended input device "ImExPS/2 Generic Explorer Mouse" (type: MOUSE, id 12)
[    10.031] (**) Option "AccelerationScheme" "none"
[    10.031] (**) ImExPS/2 Generic Explorer Mouse: (accel) selected scheme none/0
[    10.031] (**) ImExPS/2 Generic Explorer Mouse: (accel) acceleration factor: 2.000
[    10.031] (**) ImExPS/2 Generic Explorer Mouse: (accel) acceleration threshold: 4
[    10.032] (II) event4  - ImExPS/2 Generic Explorer Mouse: is tagged by udev as: Mouse
[    10.032] (II) event4  - ImExPS/2 Generic Explorer Mouse: device is a pointer
[    10.032] (II) config/udev: Adding input device ImExPS/2 Generic Explorer Mouse (/dev/input/mouse0)
[    10.032] (II) No input driver specified, ignoring this device.
[    10.032] (II) This device may have been added with another device file.
[  2900.323] (!!) vmware(0): New layout.
[  2900.323] (!!) vmware(0): 0: 0 0 640 480
[  2900.323] (!!) vmware(0): 
[  2917.734] (!!) vmware(0): New layout.
[  2917.734] (!!) vmware(0): 0: 0 0 1920 975
[  2917.734] (!!) vmware(0): 
[  2917.748] (EE) No surface to present from.
